<?xml version="1.0" encoding="UTF-8"?>
<testsuite xmlns:xsi="http://www.w3.org/2001/XMLSchema-instance" xsi:noNamespaceSchemaLocation="https://maven.apache.org/surefire/maven-surefire-plugin/xsd/surefire-test-report-3.0.xsd" version="3.0" name="com.jdesca.wsdlgenerator.WsdlGeneratorFunctionalTest" time="0.09" tests="1" errors="0" skipped="0" failures="0">
  <properties>
    <property name="sun.desktop" value="gnome"/>
    <property name="awt.toolkit" value="sun.awt.X11.XToolkit"/>
    <property name="file.encoding.pkg" value="sun.io"/>
    <property name="java.specification.version" value="1.8"/>
    <property name="sun.cpu.isalist" value=""/>
    <property name="sun.jnu.encoding" value="UTF-8"/>
    <property name="java.class.path" value="/home/julien/Dev/wsdlGenerator/wsdlGenerator/target/test-classes:/home/julien/Dev/wsdlGenerator/wsdlGenerator/target/classes:/home/julien/.m2/repository/org/junit/jupiter/junit-jupiter-api/5.6.2/junit-jupiter-api-5.6.2.jar:/home/julien/.m2/repository/org/apiguardian/apiguardian-api/1.1.0/apiguardian-api-1.1.0.jar:/home/julien/.m2/repository/org/opentest4j/opentest4j/1.2.0/opentest4j-1.2.0.jar:/home/julien/.m2/repository/org/junit/platform/junit-platform-commons/1.6.2/junit-platform-commons-1.6.2.jar:/home/julien/.m2/repository/org/xmlunit/xmlunit-core/2.2.1/xmlunit-core-2.2.1.jar:/home/julien/.m2/repository/org/xmlunit/xmlunit-matchers/2.2.1/xmlunit-matchers-2.2.1.jar:/home/julien/.m2/repository/org/hamcrest/hamcrest-core/1.3/hamcrest-core-1.3.jar:"/>
    <property name="java.vm.vendor" value="Oracle Corporation"/>
    <property name="sun.arch.data.model" value="64"/>
    <property name="java.vendor.url" value="http://java.oracle.com/"/>
    <property name="user.timezone" value=""/>
    <property name="java.vm.specification.version" value="1.8"/>
    <property name="os.name" value="Linux"/>
    <property name="user.country" value="FR"/>
    <property name="sun.java.launcher" value="SUN_STANDARD"/>
    <property name="sun.boot.library.path" value="/home/julien/bin/JDK/jdk1.8.0_251/jre/lib/amd64"/>
    <property name="sun.java.command" value="/home/julien/Dev/wsdlGenerator/wsdlGenerator/target/surefire/surefirebooter7107383621727303662.jar /home/julien/Dev/wsdlGenerator/wsdlGenerator/target/surefire 2020-07-07T13-59-05_217-jvmRun1 surefire23726693660225536tmp surefire_02993795958521693966tmp"/>
    <property name="surefire.test.class.path" value="/home/julien/Dev/wsdlGenerator/wsdlGenerator/target/test-classes:/home/julien/Dev/wsdlGenerator/wsdlGenerator/target/classes:/home/julien/.m2/repository/org/junit/jupiter/junit-jupiter-api/5.6.2/junit-jupiter-api-5.6.2.jar:/home/julien/.m2/repository/org/apiguardian/apiguardian-api/1.1.0/apiguardian-api-1.1.0.jar:/home/julien/.m2/repository/org/opentest4j/opentest4j/1.2.0/opentest4j-1.2.0.jar:/home/julien/.m2/repository/org/junit/platform/junit-platform-commons/1.6.2/junit-platform-commons-1.6.2.jar:/home/julien/.m2/repository/org/xmlunit/xmlunit-core/2.2.1/xmlunit-core-2.2.1.jar:/home/julien/.m2/repository/org/xmlunit/xmlunit-matchers/2.2.1/xmlunit-matchers-2.2.1.jar:/home/julien/.m2/repository/org/hamcrest/hamcrest-core/1.3/hamcrest-core-1.3.jar:"/>
    <property name="sun.cpu.endian" value="little"/>
    <property name="user.home" value="/home/julien"/>
    <property name="user.language" value="fr"/>
    <property name="java.specification.vendor" value="Oracle Corporation"/>
    <property name="java.home" value="/home/julien/bin/JDK/jdk1.8.0_251/jre"/>
    <property name="basedir" value="/home/julien/Dev/wsdlGenerator/wsdlGenerator"/>
    <property name="file.separator" value="/"/>
    <property name="line.separator" value="&#10;"/>
    <property name="java.vm.specification.vendor" value="Oracle Corporation"/>
    <property name="java.specification.name" value="Java Platform API Specification"/>
    <property name="java.awt.graphicsenv" value="sun.awt.X11GraphicsEnvironment"/>
    <property name="surefire.real.class.path" value="/home/julien/Dev/wsdlGenerator/wsdlGenerator/target/surefire/surefirebooter7107383621727303662.jar"/>
    <property name="sun.boot.class.path" value="/home/julien/bin/JDK/jdk1.8.0_251/jre/lib/resources.jar:/home/julien/bin/JDK/jdk1.8.0_251/jre/lib/rt.jar:/home/julien/bin/JDK/jdk1.8.0_251/jre/lib/sunrsasign.jar:/home/julien/bin/JDK/jdk1.8.0_251/jre/lib/jsse.jar:/home/julien/bin/JDK/jdk1.8.0_251/jre/lib/jce.jar:/home/julien/bin/JDK/jdk1.8.0_251/jre/lib/charsets.jar:/home/julien/bin/JDK/jdk1.8.0_251/jre/lib/jfr.jar:/home/julien/bin/JDK/jdk1.8.0_251/jre/classes"/>
    <property name="sun.management.compiler" value="HotSpot 64-Bit Tiered Compilers"/>
    <property name="java.runtime.version" value="1.8.0_251-b08"/>
    <property name="user.name" value="julien"/>
    <property name="path.separator" value=":"/>
    <property name="os.version" value="5.3.0-53-generic"/>
    <property name="java.endorsed.dirs" value="/home/julien/bin/JDK/jdk1.8.0_251/jre/lib/endorsed"/>
    <property name="java.runtime.name" value="Java(TM) SE Runtime Environment"/>
    <property name="file.encoding" value="UTF-8"/>
    <property name="java.vm.name" value="Java HotSpot(TM) 64-Bit Server VM"/>
    <property name="localRepository" value="/home/julien/.m2/repository"/>
    <property name="java.vendor.url.bug" value="http://bugreport.sun.com/bugreport/"/>
    <property name="java.io.tmpdir" value="/tmp"/>
    <property name="java.version" value="1.8.0_251"/>
    <property name="user.dir" value="/home/julien/Dev/wsdlGenerator/wsdlGenerator"/>
    <property name="os.arch" value="amd64"/>
    <property name="java.vm.specification.name" value="Java Virtual Machine Specification"/>
    <property name="java.awt.printerjob" value="sun.print.PSPrinterJob"/>
    <property name="sun.os.patch.level" value="unknown"/>
    <property name="java.library.path" value="/usr/java/packages/lib/amd64:/usr/lib64:/lib64:/lib:/usr/lib"/>
    <property name="java.vm.info" value="mixed mode"/>
    <property name="java.vendor" value="Oracle Corporation"/>
    <property name="java.vm.version" value="25.251-b08"/>
    <property name="java.ext.dirs" value="/home/julien/bin/JDK/jdk1.8.0_251/jre/lib/ext:/usr/java/packages/lib/ext"/>
    <property name="sun.io.unicode.encoding" value="UnicodeLittle"/>
    <property name="java.class.version" value="52.0"/>
  </properties>
  <testcase name="functionalTest" classname="com.jdesca.wsdlgenerator.WsdlGeneratorFunctionalTest" time="0.083">
    <system-out><![CDATA[Service name: 
Target namespace: 
Endpoint location:
Do you want to create the xsd schema or do you want to import an existing one?
1. Create new XSD schema
2. Import an existing XSD schema
Please enter the namespace (default:http://www.jdesca.com/TestService/schema/)
Please enter the path of your XSD file:
Enter a new operation name:
add a type for the input (empty to go to output type:
add a type for the input (empty to go to output type:
add a type for the input (empty to go to new operation:
add a type for the input (empty to go to new operation:
Enter a new operation name:
add a type for the input (empty to go to output type:
add a type for the input (empty to go to output type:
add a type for the input (empty to go to new operation:
add a type for the input (empty to go to new operation:
Enter a new operation name:
]]></system-out>
  </testcase>
</testsuite>